<?xml version="1.0" encoding="UTF-8"?>
<testng-results ignored="0" total="4" passed="4" failed="0" skipped="0">
  <reporter-output>
  </reporter-output>
  <suite started-at="2024-09-01T23:57:34 IST" name="Default suite" finished-at="2024-09-01T23:57:59 IST" duration-ms="24344">
    <groups>
    </groups>
    <test started-at="2024-09-01T23:57:34 IST" name="Default test" finished-at="2024-09-01T23:57:59 IST" duration-ms="24344">
      <class name="scenario2.Module2_Admin">
        <test-method is-config="true" signature="setUp()[pri:0, instance:scenario2.Module2_Admin@45752059]" started-at="2024-09-01T23:57:34 IST" name="setUp" finished-at="2024-09-01T23:57:44 IST" duration-ms="9446" status="PASS">
          <reporter-output>
          </reporter-output>
        </test-method> <!-- setUp -->
        <test-method is-config="true" signature="pageSetup()[pri:0, instance:scenario2.Module2_Admin@45752059]" started-at="2024-09-01T23:57:44 IST" name="pageSetup" finished-at="2024-09-01T23:57:47 IST" duration-ms="2779" status="PASS">
          <reporter-output>
          </reporter-output>
        </test-method> <!-- pageSetup -->
        <test-method signature="verifyAdmin()[pri:1, instance:scenario2.Module2_Admin@45752059]" started-at="2024-09-01T23:57:47 IST" name="verifyAdmin" finished-at="2024-09-01T23:57:49 IST" duration-ms="1990" status="PASS">
          <reporter-output>
          </reporter-output>
        </test-method> <!-- verifyAdmin -->
        <test-method signature="VerifySearchWithUsername()[pri:2, instance:scenario2.Module2_Admin@45752059]" started-at="2024-09-01T23:57:49 IST" name="VerifySearchWithUsername" finished-at="2024-09-01T23:57:53 IST" duration-ms="4108" status="PASS">
          <reporter-output>
          </reporter-output>
        </test-method> <!-- VerifySearchWithUsername -->
        <test-method signature="VerifySearchWithUserRole()[pri:3, instance:scenario2.Module2_Admin@45752059]" started-at="2024-09-01T23:57:53 IST" name="VerifySearchWithUserRole" finished-at="2024-09-01T23:57:56 IST" duration-ms="3125" status="PASS">
          <reporter-output>
          </reporter-output>
        </test-method> <!-- VerifySearchWithUserRole -->
        <test-method signature="VerifySearchWithUserStatus()[pri:4, instance:scenario2.Module2_Admin@45752059]" started-at="2024-09-01T23:57:56 IST" name="VerifySearchWithUserStatus" finished-at="2024-09-01T23:57:59 IST" duration-ms="2782" status="PASS">
          <reporter-output>
          </reporter-output>
        </test-method> <!-- VerifySearchWithUserStatus -->
      </class> <!-- scenario2.Module2_Admin -->
    </test> <!-- Default test -->
  </suite> <!-- Default suite -->
</testng-results>
