<?xml version="1.0" encoding="UTF-8"?>
<testng-results ignored="0" total="1" passed="1" failed="0" skipped="0">
  <reporter-output>
  </reporter-output>
  <suite started-at="2024-07-28T00:27:52 IST" name="Default suite" finished-at="2024-07-28T00:27:52 IST" duration-ms="141">
    <groups>
    </groups>
    <test started-at="2024-07-28T00:27:52 IST" name="Default test" finished-at="2024-07-28T00:27:52 IST" duration-ms="141">
      <class name="com.MyTests.D02DemoTestNGclass">
        <test-method is-config="true" signature="beforeTest()[pri:0, instance:com.MyTests.D02DemoTestNGclass@41d477ed]" started-at="2024-07-28T00:27:52 IST" name="beforeTest" finished-at="2024-07-28T00:27:52 IST" duration-ms="21" status="PASS">
          <reporter-output>
          </reporter-output>
        </test-method> <!-- beforeTest -->
        <test-method is-config="true" signature="beforeMethod()[pri:0, instance:com.MyTests.D02DemoTestNGclass@41d477ed]" started-at="2024-07-28T00:27:52 IST" name="beforeMethod" finished-at="2024-07-28T00:27:52 IST" duration-ms="7" status="PASS">
          <reporter-output>
          </reporter-output>
        </test-method> <!-- beforeMethod -->
        <test-method signature="f()[pri:0, instance:com.MyTests.D02DemoTestNGclass@41d477ed]" started-at="2024-07-28T00:27:52 IST" name="f" finished-at="2024-07-28T00:27:52 IST" duration-ms="12" status="PASS">
          <reporter-output>
          </reporter-output>
        </test-method> <!-- f -->
        <test-method is-config="true" signature="afterMethod()[pri:0, instance:com.MyTests.D02DemoTestNGclass@41d477ed]" started-at="2024-07-28T00:27:52 IST" name="afterMethod" finished-at="2024-07-28T00:27:52 IST" duration-ms="2" status="PASS">
          <reporter-output>
          </reporter-output>
        </test-method> <!-- afterMethod -->
        <test-method is-config="true" signature="afterTest()[pri:0, instance:com.MyTests.D02DemoTestNGclass@41d477ed]" started-at="2024-07-28T00:27:52 IST" name="afterTest" finished-at="2024-07-28T00:27:52 IST" duration-ms="1" status="PASS">
          <reporter-output>
          </reporter-output>
        </test-method> <!-- afterTest -->
      </class> <!-- com.MyTests.D02DemoTestNGclass -->
    </test> <!-- Default test -->
  </suite> <!-- Default suite -->
</testng-results>
