<?xml version="1.0" encoding="UTF-8"?>
<testng-results ignored="0" total="2" passed="2" failed="0" skipped="0">
  <reporter-output>
  </reporter-output>
  <suite started-at="2024-11-02T19:23:20 IST" name="Default suite" finished-at="2024-11-02T19:23:21 IST" duration-ms="667">
    <groups>
    </groups>
    <test started-at="2024-11-02T19:23:20 IST" name="Default test" finished-at="2024-11-02T19:23:21 IST" duration-ms="667">
      <class name="apiscenarios.Dataconversion_9">
        <test-method signature="testserialization()[pri:1, instance:apiscenarios.Dataconversion_9@6b81ce95]" started-at="2024-11-02T19:23:20 IST" name="testserialization" finished-at="2024-11-02T19:23:20 IST" duration-ms="501" status="PASS">
          <reporter-output>
          </reporter-output>
        </test-method> <!-- testserialization -->
        <test-method signature="testDeserialization()[pri:2, instance:apiscenarios.Dataconversion_9@6b81ce95]" started-at="2024-11-02T19:23:20 IST" name="testDeserialization" finished-at="2024-11-02T19:23:21 IST" duration-ms="50" status="PASS">
          <reporter-output>
          </reporter-output>
        </test-method> <!-- testDeserialization -->
      </class> <!-- apiscenarios.Dataconversion_9 -->
    </test> <!-- Default test -->
  </suite> <!-- Default suite -->
</testng-results>
