<?xml version="1.0" encoding="UTF-8"?>
<testng-results ignored="0" total="1" passed="1" failed="0" skipped="0">
  <reporter-output>
  </reporter-output>
  <suite started-at="2024-11-04T19:56:32 IST" name="Default suite" finished-at="2024-11-04T19:56:52 IST" duration-ms="20538">
    <groups>
    </groups>
    <test started-at="2024-11-04T19:56:32 IST" name="Default test" finished-at="2024-11-04T19:56:52 IST" duration-ms="20538">
      <class name="appiumscenarios.Lock_Unlock_rotate_6">
        <test-method signature="testDevicefunctions()[pri:0, instance:appiumscenarios.Lock_Unlock_rotate_6@5158b42f]" started-at="2024-11-04T19:56:32 IST" name="testDevicefunctions" finished-at="2024-11-04T19:56:52 IST" duration-ms="20397" status="PASS">
          <reporter-output>
          </reporter-output>
        </test-method> <!-- testDevicefunctions -->
      </class> <!-- appiumscenarios.Lock_Unlock_rotate_6 -->
    </test> <!-- Default test -->
  </suite> <!-- Default suite -->
</testng-results>
