<?xml version="1.0" encoding="UTF-8"?>
<!-- Generated by org.testng.reporters.JUnitXMLReporter -->
<testsuite ignored="0" hostname="DESKTOP-UKM7FNT" failures="0" tests="3" name="HomePageTest" time="11.325" errors="0" timestamp="2024-07-29T11:50:54 IST">
  <testcase classname="com.CRM.TestCases.HomePageTestCase" name="verifyUrl" time="0.568"/>
  <testcase classname="com.CRM.TestCases.HomePageTestCase" name="verifyTitle" time="0.024"/>
  <testcase classname="com.CRM.TestCases.HomePageTestCase" name="ValidateSignInLink" time="1.693"/>
</testsuite> <!-- HomePageTest -->
